2026-01-01T23:32:16: ValidationError: The 'X-Forwarded-For' header is set but the Express 'trust proxy' setting is false (default). This could indicate a misconfiguration which would prevent express-rate-limit from accurately identifying users. See https://express-rate-limit.github.io/ERR_ERL_UNEXPECTED_X_FORWARDED_FOR/ for more information.
2026-01-01T23:32:16:     at Object.xForwardedForHeader (file:///var/www/currentmesh/server/node_modules/express-rate-limit/dist/index.mjs:337:13)
2026-01-01T23:32:16:     at wrappedValidations.<computed> [as xForwardedForHeader] (file:///var/www/currentmesh/server/node_modules/express-rate-limit/dist/index.mjs:651:22)
2026-01-01T23:32:16:     at Object.keyGenerator (file:///var/www/currentmesh/server/node_modules/express-rate-limit/dist/index.mjs:754:20)
2026-01-01T23:32:16:     at file:///var/www/currentmesh/server/node_modules/express-rate-limit/dist/index.mjs:815:32
2026-01-01T23:32:16:     at process.processTicksAndRejections (node:internal/process/task_queues:95:5)
2026-01-01T23:32:16:     at async file:///var/www/currentmesh/server/node_modules/express-rate-limit/dist/index.mjs:796:5 {
2026-01-01T23:32:16:   code: 'ERR_ERL_UNEXPECTED_X_FORWARDED_FOR',
2026-01-01T23:32:16:   help: 'https://express-rate-limit.github.io/ERR_ERL_UNEXPECTED_X_FORWARDED_FOR/'
2026-01-01T23:32:16: }
2026-01-01T23:32:16: [WARN] 2026-01-01T23:32:16.590Z - Login attempt with invalid password { email: 'mario@currentmesh.com' }
2026-01-02T03:18:29: [ERROR] 2026-01-02T03:18:29.057Z - Uncaught Exception: ReferenceError: require is not defined
2026-01-02T03:18:29:     at ServerResponse.<anonymous> (/var/www/currentmesh/server/src/middleware/index.ts:59:26)
2026-01-02T03:18:29:     at <anonymous> (/var/www/currentmesh/server/node_modules/@opentelemetry/context-async-hooks/src/AbstractAsyncHooksContextManager.ts:75:49)
2026-01-02T03:18:29:     at AsyncLocalStorage.run (node:async_hooks:346:14)
2026-01-02T03:18:29:     at SentryContextManager.with (/var/www/currentmesh/server/node_modules/@opentelemetry/context-async-hooks/src/AsyncLocalStorageContextManager.ts:40:36)
2026-01-02T03:18:29:     at SentryContextManager.with (/var/www/currentmesh/server/node_modules/@sentry/opentelemetry/src/contextManager.ts:83:24)
2026-01-02T03:18:29:     at ServerResponse.contextWrapper (/var/www/currentmesh/server/node_modules/@opentelemetry/context-async-hooks/src/AbstractAsyncHooksContextManager.ts:75:26)
2026-01-02T03:18:29:     at ServerResponse.emit (node:events:536:35)
2026-01-02T03:18:29:     at onFinish (node:_http_outgoing:1031:10)
2026-01-02T03:18:29:     at callback (node:internal/streams/writable:766:21)
2026-01-02T03:18:29:     at afterWrite (node:internal/streams/writable:710:5)
2026-01-02T03:18:52: [ERROR] 2026-01-02T03:18:52.742Z - Uncaught Exception: ReferenceError: require is not defined
2026-01-02T03:18:52:     at ServerResponse.<anonymous> (/var/www/currentmesh/server/src/middleware/index.ts:59:26)
2026-01-02T03:18:52:     at <anonymous> (/var/www/currentmesh/server/node_modules/@opentelemetry/context-async-hooks/src/AbstractAsyncHooksContextManager.ts:75:49)
2026-01-02T03:18:52:     at AsyncLocalStorage.run (node:async_hooks:346:14)
2026-01-02T03:18:52:     at SentryContextManager.with (/var/www/currentmesh/server/node_modules/@opentelemetry/context-async-hooks/src/AsyncLocalStorageContextManager.ts:40:36)
2026-01-02T03:18:52:     at SentryContextManager.with (/var/www/currentmesh/server/node_modules/@sentry/opentelemetry/src/contextManager.ts:83:24)
2026-01-02T03:18:52:     at ServerResponse.contextWrapper (/var/www/currentmesh/server/node_modules/@opentelemetry/context-async-hooks/src/AbstractAsyncHooksContextManager.ts:75:26)
2026-01-02T03:18:52:     at ServerResponse.emit (node:events:536:35)
2026-01-02T03:18:52:     at onFinish (node:_http_outgoing:1031:10)
2026-01-02T03:18:52:     at callback (node:internal/streams/writable:766:21)
2026-01-02T03:18:52:     at afterWrite (node:internal/streams/writable:710:5)
2026-01-02T03:18:52: [ERROR] 2026-01-02T03:18:52.806Z - Uncaught Exception: ReferenceError: require is not defined
2026-01-02T03:18:52:     at ServerResponse.<anonymous> (/var/www/currentmesh/server/src/middleware/index.ts:59:26)
2026-01-02T03:18:52:     at <anonymous> (/var/www/currentmesh/server/node_modules/@opentelemetry/context-async-hooks/src/AbstractAsyncHooksContextManager.ts:75:49)
2026-01-02T03:18:52:     at AsyncLocalStorage.run (node:async_hooks:346:14)
2026-01-02T03:18:52:     at SentryContextManager.with (/var/www/currentmesh/server/node_modules/@opentelemetry/context-async-hooks/src/AsyncLocalStorageContextManager.ts:40:36)
2026-01-02T03:18:52:     at SentryContextManager.with (/var/www/currentmesh/server/node_modules/@sentry/opentelemetry/src/contextManager.ts:83:24)
2026-01-02T03:18:52:     at ServerResponse.contextWrapper (/var/www/currentmesh/server/node_modules/@opentelemetry/context-async-hooks/src/AbstractAsyncHooksContextManager.ts:75:26)
2026-01-02T03:18:52:     at ServerResponse.emit (node:events:536:35)
2026-01-02T03:18:52:     at onFinish (node:_http_outgoing:1031:10)
2026-01-02T03:18:52:     at callback (node:internal/streams/writable:766:21)
2026-01-02T03:18:52:     at afterWrite (node:internal/streams/writable:710:5)
2026-01-02T03:20:05: [ERROR] 2026-01-02T03:20:05.620Z - Uncaught Exception: ReferenceError: require is not defined
2026-01-02T03:20:05:     at ServerResponse.<anonymous> (/var/www/currentmesh/server/src/middleware/index.ts:59:26)
2026-01-02T03:20:05:     at <anonymous> (/var/www/currentmesh/server/node_modules/@opentelemetry/context-async-hooks/src/AbstractAsyncHooksContextManager.ts:75:49)
2026-01-02T03:20:05:     at AsyncLocalStorage.run (node:async_hooks:346:14)
2026-01-02T03:20:05:     at SentryContextManager.with (/var/www/currentmesh/server/node_modules/@opentelemetry/context-async-hooks/src/AsyncLocalStorageContextManager.ts:40:36)
2026-01-02T03:20:05:     at SentryContextManager.with (/var/www/currentmesh/server/node_modules/@sentry/opentelemetry/src/contextManager.ts:83:24)
2026-01-02T03:20:05:     at ServerResponse.contextWrapper (/var/www/currentmesh/server/node_modules/@opentelemetry/context-async-hooks/src/AbstractAsyncHooksContextManager.ts:75:26)
2026-01-02T03:20:05:     at ServerResponse.emit (node:events:536:35)
2026-01-02T03:20:05:     at onFinish (node:_http_outgoing:1031:10)
2026-01-02T03:20:05:     at callback (node:internal/streams/writable:766:21)
2026-01-02T03:20:05:     at afterWrite (node:internal/streams/writable:710:5)
2026-01-02T03:20:06: [ERROR] 2026-01-02T03:20:06.407Z - Uncaught Exception: ReferenceError: require is not defined
2026-01-02T03:20:06:     at ServerResponse.<anonymous> (/var/www/currentmesh/server/src/middleware/index.ts:59:26)
2026-01-02T03:20:06:     at <anonymous> (/var/www/currentmesh/server/node_modules/@opentelemetry/context-async-hooks/src/AbstractAsyncHooksContextManager.ts:75:49)
2026-01-02T03:20:06:     at AsyncLocalStorage.run (node:async_hooks:346:14)
2026-01-02T03:20:06:     at SentryContextManager.with (/var/www/currentmesh/server/node_modules/@opentelemetry/context-async-hooks/src/AsyncLocalStorageContextManager.ts:40:36)
2026-01-02T03:20:06:     at SentryContextManager.with (/var/www/currentmesh/server/node_modules/@sentry/opentelemetry/src/contextManager.ts:83:24)
2026-01-02T03:20:06:     at ServerResponse.contextWrapper (/var/www/currentmesh/server/node_modules/@opentelemetry/context-async-hooks/src/AbstractAsyncHooksContextManager.ts:75:26)
2026-01-02T03:20:06:     at ServerResponse.emit (node:events:536:35)
2026-01-02T03:20:06:     at onFinish (node:_http_outgoing:1031:10)
2026-01-02T03:20:06:     at callback (node:internal/streams/writable:766:21)
2026-01-02T03:20:06:     at afterWrite (node:internal/streams/writable:710:5)
2026-01-02T03:20:15: [ERROR] 2026-01-02T03:20:15.530Z - Uncaught Exception: ReferenceError: require is not defined
2026-01-02T03:20:15:     at ServerResponse.<anonymous> (/var/www/currentmesh/server/src/middleware/index.ts:59:26)
2026-01-02T03:20:15:     at <anonymous> (/var/www/currentmesh/server/node_modules/@opentelemetry/context-async-hooks/src/AbstractAsyncHooksContextManager.ts:75:49)
2026-01-02T03:20:15:     at AsyncLocalStorage.run (node:async_hooks:346:14)
2026-01-02T03:20:15:     at SentryContextManager.with (/var/www/currentmesh/server/node_modules/@opentelemetry/context-async-hooks/src/AsyncLocalStorageContextManager.ts:40:36)
2026-01-02T03:20:15:     at SentryContextManager.with (/var/www/currentmesh/server/node_modules/@sentry/opentelemetry/src/contextManager.ts:83:24)
2026-01-02T03:20:15:     at ServerResponse.contextWrapper (/var/www/currentmesh/server/node_modules/@opentelemetry/context-async-hooks/src/AbstractAsyncHooksContextManager.ts:75:26)
2026-01-02T03:20:15:     at ServerResponse.emit (node:events:536:35)
2026-01-02T03:20:15:     at onFinish (node:_http_outgoing:1031:10)
2026-01-02T03:20:15:     at callback (node:internal/streams/writable:766:21)
2026-01-02T03:20:15:     at afterWrite (node:internal/streams/writable:710:5)
